<?xml version="1.0" encoding="UTF-8"?>
<!-- Generated by org.testng.reporters.JUnitReportReporter -->
<testsuite hostname="DESKTOP-D30II3N" name="com.linecode.ddd.protocolo.ProtocoloServicoUnitTest" tests="5" failures="0" timestamp="1 Nov 2019 20:42:58 GMT" time="0.169" errors="0">
  <testcase name="testAvaliarProtocolo" time="0.011" classname="com.linecode.ddd.protocolo.ProtocoloServicoUnitTest"/>
  <testcase name="testAvaliarProtocolo" time="0.003" classname="com.linecode.ddd.protocolo.ProtocoloServicoUnitTest"/>
  <testcase name="testAvaliarProtocolo" time="0.152" classname="com.linecode.ddd.protocolo.ProtocoloServicoUnitTest"/>
  <testcase name="testAvaliarProtocolo" time="0.003" classname="com.linecode.ddd.protocolo.ProtocoloServicoUnitTest"/>
  <testcase name="testAvaliarProtocolo" time="0.000" classname="com.linecode.ddd.protocolo.ProtocoloServicoUnitTest"/>
</testsuite> <!-- com.linecode.ddd.protocolo.ProtocoloServicoUnitTest -->
