<?xml version="1.0" encoding="UTF-8"?>
<!-- Generated by org.testng.reporters.JUnitReportReporter -->
<testsuite hostname="DESKTOP-D30II3N" name="com.linecode.ddd.protocolo.ProtocoloServicoUnitTest" tests="19" failures="0" timestamp="1 Nov 2019 20:01:25 GMT" time="0.181" errors="0">
  <testcase name="testCadastrarProtocolo" time="0.023" classname="com.linecode.ddd.protocolo.ProtocoloServicoUnitTest"/>
  <testcase name="testCadastrarProtocolo" time="0.017" classname="com.linecode.ddd.protocolo.ProtocoloServicoUnitTest"/>
  <testcase name="testCadastrarProtocolo" time="0.003" classname="com.linecode.ddd.protocolo.ProtocoloServicoUnitTest"/>
  <testcase name="testCadastrarProtocolo" time="0.001" classname="com.linecode.ddd.protocolo.ProtocoloServicoUnitTest"/>
  <testcase name="testCadastrarProtocolo" time="0.002" classname="com.linecode.ddd.protocolo.ProtocoloServicoUnitTest"/>
  <testcase name="testCadastrarProtocolo" time="0.009" classname="com.linecode.ddd.protocolo.ProtocoloServicoUnitTest"/>
  <testcase name="testCadastrarProtocolo" time="0.009" classname="com.linecode.ddd.protocolo.ProtocoloServicoUnitTest"/>
  <testcase name="testCadastrarProtocolo" time="0.003" classname="com.linecode.ddd.protocolo.ProtocoloServicoUnitTest"/>
  <testcase name="testCadastrarProtocolo" time="0.000" classname="com.linecode.ddd.protocolo.ProtocoloServicoUnitTest"/>
  <testcase name="testCadastrarProtocolo" time="0.001" classname="com.linecode.ddd.protocolo.ProtocoloServicoUnitTest"/>
  <testcase name="testCadastrarProtocolo" time="0.003" classname="com.linecode.ddd.protocolo.ProtocoloServicoUnitTest"/>
  <testcase name="testCadastrarProtocolo" time="0.007" classname="com.linecode.ddd.protocolo.ProtocoloServicoUnitTest"/>
  <testcase name="testCadastrarProtocolo" time="0.001" classname="com.linecode.ddd.protocolo.ProtocoloServicoUnitTest"/>
  <testcase name="testCadastrarProtocolo" time="0.002" classname="com.linecode.ddd.protocolo.ProtocoloServicoUnitTest"/>
  <testcase name="testCadastrarProtocolo" time="0.003" classname="com.linecode.ddd.protocolo.ProtocoloServicoUnitTest"/>
  <testcase name="testCadastrarProtocolo" time="0.003" classname="com.linecode.ddd.protocolo.ProtocoloServicoUnitTest"/>
  <testcase name="testCadastrarProtocolo" time="0.087" classname="com.linecode.ddd.protocolo.ProtocoloServicoUnitTest"/>
  <testcase name="testCadastrarProtocolo" time="0.003" classname="com.linecode.ddd.protocolo.ProtocoloServicoUnitTest"/>
  <testcase name="testCadastrarProtocolo" time="0.004" classname="com.linecode.ddd.protocolo.ProtocoloServicoUnitTest"/>
</testsuite> <!-- com.linecode.ddd.protocolo.ProtocoloServicoUnitTest -->
